astronacciFlutter/build/app/intermediates/manifest_merge_blame_file/release/processReleaseMainManifest/manifest-merger-blame-release-report.txt
1<?xml version="1.0" encoding="utf-8"?>
2<manifest xmlns:android="http://schemas.android.com/apk/res/android"
3    package="com.example.astronacci_test_flutter"
4    android:versionCode="1"
5    android:versionName="1.0.0" >
6
7    <uses-sdk
8        android:minSdkVersion="21"
9        android:targetSdkVersion="36" />
10    <!-- ============================================== -->
11    <!-- PERBAIKAN KRITIS: Izin Internet untuk mode Rilis -->
12    <uses-permission android:name="android.permission.INTERNET" />
12-->src/main/AndroidManifest.xml:4:5-66
12-->src/main/AndroidManifest.xml:4:22-64
13    <!--
14         Required to query activities that can process text, see:
15         https://developer.android.com/training/package-visibility and
16         https://developer.android.com/reference/android/content/Intent#ACTION_PROCESS_TEXT.
17
18         In particular, this is used by the Flutter engine in io.flutter.plugin.text.ProcessTextPlugin.
19    -->
20    <queries>
20-->src/main/AndroidManifest.xml:58:5-63:15
21        <intent>
21-->src/main/AndroidManifest.xml:59:9-62:18
22            <action android:name="android.intent.action.PROCESS_TEXT" />
22-->src/main/AndroidManifest.xml:60:13-72
22-->src/main/AndroidManifest.xml:60:21-70
23
24            <data android:mimeType="text/plain" />
24-->src/main/AndroidManifest.xml:61:13-50
24-->src/main/AndroidManifest.xml:61:19-48
25        </intent>
26    </queries>
27
28    <permission
28-->[androidx.core:core:1.13.1] AndroidManifest.xml:22:5-24:47
29        android:name="com.example.astronacci_test_flutter.DYNAMIC_RECEIVER_NOT_EXPORTED_PERMISSION"
29-->[androidx.core:core:1.13.1] AndroidManifest.xml:23:9-81
30        android:protectionLevel="signature" />
30-->[androidx.core:core:1.13.1] AndroidManifest.xml:24:9-44
31
32    <uses-permission android:name="com.example.astronacci_test_flutter.DYNAMIC_RECEIVER_NOT_EXPORTED_PERMISSION" /> <!-- ============================================== -->
32-->[androidx.core:core:1.13.1] AndroidManifest.xml:26:5-97
32-->[androidx.core:core:1.13.1] AndroidManifest.xml:26:22-94
33    <application
34        android:name="android.app.Application"
34-->src/main/AndroidManifest.xml:9:9-42
35        android:appComponentFactory="androidx.core.app.CoreComponentFactory"
35-->[androidx.core:core:1.13.1] AndroidManifest.xml:28:18-86
36        android:extractNativeLibs="true"
37        android:icon="@mipmap/ic_launcher"
37-->src/main/AndroidManifest.xml:10:9-43
38        android:label="astronacci_test_flutter"
38-->src/main/AndroidManifest.xml:8:9-48
39        android:networkSecurityConfig="@xml/network_security_config"
39-->src/main/AndroidManifest.xml:11:9-69
40        android:usesCleartextTraffic="true" > <!-- DITETAPKAN SECARA GLOBAL DI SINI -->
40-->src/main/AndroidManifest.xml:12:9-44
41
42        <activity
42-->src/main/AndroidManifest.xml:14:9-35:20
43            android:name="com.example.astronacci_test_flutter.MainActivity"
43-->src/main/AndroidManifest.xml:15:13-41
44            android:configChanges="orientation|keyboardHidden|keyboard|screenSize|smallestScreenSize|locale|layoutDirection|fontScale|screenLayout|density|uiMode"
44-->src/main/AndroidManifest.xml:20:13-163
45            android:exported="true"
45-->src/main/AndroidManifest.xml:16:13-36
46            android:hardwareAccelerated="true"
46-->src/main/AndroidManifest.xml:21:13-47
47            android:launchMode="singleTop"
47-->src/main/AndroidManifest.xml:17:13-43
48            android:taskAffinity=""
48-->src/main/AndroidManifest.xml:18:13-36
49            android:theme="@style/LaunchTheme"
49-->src/main/AndroidManifest.xml:19:13-47
50            android:windowSoftInputMode="adjustResize" >
50-->src/main/AndroidManifest.xml:22:13-55
51
52            <!--
53                 Specifies an Android theme to apply to this Activity as soon as
54                 the Android process has started. This theme is visible to the user
55                 while the Flutter UI initializes. After that, this theme continues
56                 to determine the Window background behind the Flutter UI.
57            -->
58            <meta-data
58-->src/main/AndroidManifest.xml:27:13-30:17
59                android:name="io.flutter.embedding.android.NormalTheme"
59-->src/main/AndroidManifest.xml:28:15-70
60                android:resource="@style/NormalTheme" />
60-->src/main/AndroidManifest.xml:29:15-52
61
62            <intent-filter>
62-->src/main/AndroidManifest.xml:31:13-34:29
63                <action android:name="android.intent.action.MAIN" />
63-->src/main/AndroidManifest.xml:32:17-68
63-->src/main/AndroidManifest.xml:32:25-66
64
65                <category android:name="android.intent.category.LAUNCHER" />
65-->src/main/AndroidManifest.xml:33:17-76
65-->src/main/AndroidManifest.xml:33:27-74
66            </intent-filter>
67        </activity>
68
69        <!-- ============================================== -->
70        <!-- KRITIS: DEKLARASI AKTIVITAS UNTUK IMAGE CROPPER -->
71        <!-- ============================================== -->
72        <activity
72-->src/main/AndroidManifest.xml:40:9-43:71
73            android:name="com.yalantis.ucrop.UCropActivity"
73-->src/main/AndroidManifest.xml:41:13-60
74            android:screenOrientation="portrait"
74-->src/main/AndroidManifest.xml:42:13-49
75            android:theme="@style/Theme.AppCompat.Light.NoActionBar" />
75-->src/main/AndroidManifest.xml:43:13-69
76        <!-- ============================================== -->
77
78
79        <!--
80             Don't delete the meta-data below.
81             This is used by the Flutter tool to generate GeneratedPluginRegistrant.java
82        -->
83        <meta-data
83-->src/main/AndroidManifest.xml:49:9-51:33
84            android:name="flutterEmbedding"
84-->src/main/AndroidManifest.xml:50:13-44
85            android:value="2" />
85-->src/main/AndroidManifest.xml:51:13-30
86
87        <provider
87-->[:image_picker_android] AndroidManifest.xml:9:9-17:20
88            android:name="io.flutter.plugins.imagepicker.ImagePickerFileProvider"
88-->[:image_picker_android] AndroidManifest.xml:10:13-82
89            android:authorities="com.example.astronacci_test_flutter.flutter.image_provider"
89-->[:image_picker_android] AndroidManifest.xml:11:13-74
90            android:exported="false"
90-->[:image_picker_android] AndroidManifest.xml:12:13-37
91            android:grantUriPermissions="true" >
91-->[:image_picker_android] AndroidManifest.xml:13:13-47
92            <meta-data
92-->[:image_picker_android] AndroidManifest.xml:14:13-16:75
93                android:name="android.support.FILE_PROVIDER_PATHS"
93-->[:image_picker_android] AndroidManifest.xml:15:17-67
94                android:resource="@xml/flutter_image_picker_file_paths" />
94-->[:image_picker_android] AndroidManifest.xml:16:17-72
95        </provider> <!-- Trigger Google Play services to install the backported photo picker module. -->
96        <service
96-->[:image_picker_android] AndroidManifest.xml:19:9-31:19
97            android:name="com.google.android.gms.metadata.ModuleDependencies"
97-->[:image_picker_android] AndroidManifest.xml:20:13-78
98            android:enabled="false"
98-->[:image_picker_android] AndroidManifest.xml:21:13-36
99            android:exported="false" >
99-->[:image_picker_android] AndroidManifest.xml:22:13-37
100            <intent-filter>
100-->[:image_picker_android] AndroidManifest.xml:24:13-26:29
101                <action android:name="com.google.android.gms.metadata.MODULE_DEPENDENCIES" />
101-->[:image_picker_android] AndroidManifest.xml:25:17-94
101-->[:image_picker_android] AndroidManifest.xml:25:25-91
102            </intent-filter>
103
104            <meta-data
104-->[:image_picker_android] AndroidManifest.xml:28:13-30:36
105                android:name="photopicker_activity:0:required"
105-->[:image_picker_android] AndroidManifest.xml:29:17-63
106                android:value="" />
106-->[:image_picker_android] AndroidManifest.xml:30:17-33
107        </service>
108
109        <uses-library
109-->[androidx.window:window:1.2.0] AndroidManifest.xml:23:9-25:40
110            android:name="androidx.window.extensions"
110-->[androidx.window:window:1.2.0] AndroidManifest.xml:24:13-54
111            android:required="false" />
111-->[androidx.window:window:1.2.0] AndroidManifest.xml:25:13-37
112        <uses-library
112-->[androidx.window:window:1.2.0] AndroidManifest.xml:26:9-28:40
113            android:name="androidx.window.sidecar"
113-->[androidx.window:window:1.2.0] AndroidManifest.xml:27:13-51
114            android:required="false" />
114-->[androidx.window:window:1.2.0] AndroidManifest.xml:28:13-37
115
116        <provider
116-->[androidx.lifecycle:lifecycle-process:2.7.0] AndroidManifest.xml:24:9-32:20
117            android:name="androidx.startup.InitializationProvider"
117-->[androidx.lifecycle:lifecycle-process:2.7.0] AndroidManifest.xml:25:13-67
118            android:authorities="com.example.astronacci_test_flutter.androidx-startup"
118-->[androidx.lifecycle:lifecycle-process:2.7.0] AndroidManifest.xml:26:13-68
119            android:exported="false" >
119-->[androidx.lifecycle:lifecycle-process:2.7.0] AndroidManifest.xml:27:13-37
120            <meta-data
120-->[androidx.lifecycle:lifecycle-process:2.7.0] AndroidManifest.xml:29:13-31:52
121                android:name="androidx.lifecycle.ProcessLifecycleInitializer"
121-->[androidx.lifecycle:lifecycle-process:2.7.0] AndroidManifest.xml:30:17-78
122                android:value="androidx.startup" />
122-->[androidx.lifecycle:lifecycle-process:2.7.0] AndroidManifest.xml:31:17-49
123            <meta-data
123-->[androidx.profileinstaller:profileinstaller:1.4.0] AndroidManifest.xml:29:13-31:52
124                android:name="androidx.profileinstaller.ProfileInstallerInitializer"
124-->[androidx.profileinstaller:profileinstaller:1.4.0] AndroidManifest.xml:30:17-85
125                android:value="androidx.startup" />
125-->[androidx.profileinstaller:profileinstaller:1.4.0] AndroidManifest.xml:31:17-49
126        </provider>
127
128        <receiver
128-->[androidx.profileinstaller:profileinstaller:1.4.0] AndroidManifest.xml:34:9-52:20
129            android:name="androidx.profileinstaller.ProfileInstallReceiver"
129-->[androidx.profileinstaller:profileinstaller:1.4.0] AndroidManifest.xml:35:13-76
130            android:directBootAware="false"
130-->[androidx.profileinstaller:profileinstaller:1.4.0] AndroidManifest.xml:36:13-44
131            android:enabled="true"
131-->[androidx.profileinstaller:profileinstaller:1.4.0] AndroidManifest.xml:37:13-35
132            android:exported="true"
132-->[androidx.profileinstaller:profileinstaller:1.4.0] AndroidManifest.xml:38:13-36
133            android:permission="android.permission.DUMP" >
133-->[androidx.profileinstaller:profileinstaller:1.4.0] AndroidManifest.xml:39:13-57
134            <intent-filter>
134-->[androidx.profileinstaller:profileinstaller:1.4.0] AndroidManifest.xml:40:13-42:29
135                <action android:name="androidx.profileinstaller.action.INSTALL_PROFILE" />
135-->[androidx.profileinstaller:profileinstaller:1.4.0] AndroidManifest.xml:41:17-91
135-->[androidx.profileinstaller:profileinstaller:1.4.0] AndroidManifest.xml:41:25-88
136            </intent-filter>
137            <intent-filter>
137-->[androidx.profileinstaller:profileinstaller:1.4.0] AndroidManifest.xml:43:13-45:29
138                <action android:name="androidx.profileinstaller.action.SKIP_FILE" />
138-->[androidx.profileinstaller:profileinstaller:1.4.0] AndroidManifest.xml:44:17-85
138-->[androidx.profileinstaller:profileinstaller:1.4.0] AndroidManifest.xml:44:25-82
139            </intent-filter>
140            <intent-filter>
140-->[androidx.profileinstaller:profileinstaller:1.4.0] AndroidManifest.xml:46:13-48:29
141                <action android:name="androidx.profileinstaller.action.SAVE_PROFILE" />
141-->[androidx.profileinstaller:profileinstaller:1.4.0] AndroidManifest.xml:47:17-88
141-->[androidx.profileinstaller:profileinstaller:1.4.0] AndroidManifest.xml:47:25-85
142            </intent-filter>
143            <intent-filter>
143-->[androidx.profileinstaller:profileinstaller:1.4.0] AndroidManifest.xml:49:13-51:29
144                <action android:name="androidx.profileinstaller.action.BENCHMARK_OPERATION" />
144-->[androidx.profileinstaller:profileinstaller:1.4.0] AndroidManifest.xml:50:17-95
144-->[androidx.profileinstaller:profileinstaller:1.4.0] AndroidManifest.xml:50:25-92
145            </intent-filter>
146        </receiver>
147    </application>
148
149</manifest>